<?xml version="1.0" encoding="UTF-8"?>
<!-- Generated by org.testng.reporters.JUnitReportReporter -->
<testsuite hostname="DESKTOP-L1C5EG3" failures="0" tests="1" name="demoPackage.Base" time="0.007" errors="0" timestamp="2020-09-19T16:07:30 IST" skipped="0">
  <testcase classname="demoPackage.Base" name="test1" time="0.007"/>
  <system-out/>
</testsuite> <!-- demoPackage.Base -->
