<?xml version="1.0" encoding="UTF-8"?>
<!-- Generated by org.testng.reporters.JUnitReportReporter -->
<testsuite hostname="DESKTOP-L1C5EG3" failures="0" tests="1" name="newProject1.ReverseString" time="0.011" errors="0" timestamp="2020-09-19T15:09:45 IST" skipped="0">
  <testcase classname="newProject1.ReverseString" name="revsesSting" time="0.011"/>
  <system-out/>
</testsuite> <!-- newProject1.ReverseString -->
