<?xml version="1.0" encoding="UTF-8"?>
<!-- Generated by org.testng.reporters.JUnitReportReporter -->
<testsuite hostname="DESKTOP-L1C5EG3" failures="0" tests="1" name="newProject1.SumOfTheDigits" time="0.021" errors="0" timestamp="2020-09-19T15:01:32 IST" skipped="0">
  <testcase classname="newProject1.SumOfTheDigits" name="sumOfAllDigit" time="0.021"/>
  <system-out/>
</testsuite> <!-- newProject1.SumOfTheDigits -->
