<?xml version="1.0" encoding="UTF-8"?>
<!-- Generated by org.testng.reporters.JUnitReportReporter -->
<testsuite hostname="DESKTOP-L1C5EG3" failures="0" tests="1" name="newProject1.SwappingValues" time="0.010" errors="0" timestamp="17 Sep 2020 13:36:53 GMT" skipped="0">
  <testcase classname="newProject1.SwappingValues" name="swapping_WithOut_third_variable" time="0.010"/>
</testsuite> <!-- newProject1.SwappingValues -->
