<?xml version="1.0" encoding="UTF-8"?>
<!-- Generated by org.testng.reporters.JUnitReportReporter -->
<testsuite hostname="DESKTOP-L1C5EG3" failures="0" tests="2" name="demoPackage.Groups" time="0.010" errors="0" timestamp="2020-09-19T16:21:37 IST" skipped="0">
  <testcase classname="demoPackage.Groups" name="m02" time="0.007"/>
  <system-out/>
  <testcase classname="demoPackage.Groups" name="m01" time="0.003"/>
  <system-out/>
</testsuite> <!-- demoPackage.Groups -->
