<?xml version="1.0" encoding="UTF-8"?>
<!-- Generated by org.testng.reporters.JUnitReportReporter -->
<testsuite hostname="DESKTOP-L1C5EG3" failures="0" tests="1" name="newProject1.Repository" time="0.021" errors="0" timestamp="18 Sep 2020 09:08:33 GMT" skipped="0">
  <testcase classname="newProject1.Repository" name="readData" time="0.021"/>
</testsuite> <!-- newProject1.Repository -->
